<?xml version="1.0" encoding="UTF-8"?>
<!-- Generated by org.testng.reporters.JUnitXMLReporter -->
<testsuite hostname="hypno-pc" name="Default test" tests="4" failures="0" timestamp="9 Dec 2014 20:57:32 GMT" time="10.691" errors="0">
  <testcase name="testEmptyGroupCreation1" time="0.92" classname="com.example.tests.GroupCreationTests"/>
  <testcase name="testNonEmptyGroupCreation" time="1.86" classname="com.example.tests.GroupCreationTests"/>
  <testcase name="testEmptyGroupCreation1" time="0.77" classname="com.example.tests.ContactCreationTests"/>
  <testcase name="testNonEmptyGroupCreation" time="0.95" classname="com.example.tests.ContactCreationTests"/>
</testsuite> <!-- Default test -->
