<?xml version="1.0" encoding="UTF-8"?>
<!-- Generated by org.testng.reporters.JUnitXMLReporter -->
<testsuite hostname="hypno-pc" name="Default test" tests="4" failures="0" timestamp="11 Dec 2014 22:06:03 GMT" time="12.367" errors="0">
  <testcase name="testEmptyGroupCreation1" time="0.93" classname="com.example.tests.GroupCreationTests"/>
  <testcase name="testNonEmptyGroupCreation" time="1.57" classname="com.example.tests.GroupCreationTests"/>
  <testcase name="testEmptyGroupCreation" time="1.95" classname="com.example.tests.ContactCreationTests"/>
  <testcase name="testNonEmptyGroupCreation" time="1.331" classname="com.example.tests.ContactCreationTests"/>
</testsuite> <!-- Default test -->
