<?xml version="1.0" encoding="UTF-8"?>
<testng-results skipped="0" failed="0" total="2" passed="2">
  <reporter-output>
  </reporter-output>
  <suite name="Default suite" duration-ms="25939" started-at="2014-12-19T07:39:27Z" finished-at="2014-12-19T07:39:53Z">
    <groups>
    </groups>
    <test name="Default test" duration-ms="25939" started-at="2014-12-19T07:39:27Z" finished-at="2014-12-19T07:39:53Z">
      <class name="com.example.tests.GroupCreationTests">
        <test-method status="PASS" signature="setUp()[pri:0, instance:com.example.tests.GroupCreationTests@7d01f935]" name="setUp" is-config="true" duration-ms="16616" started-at="2014-12-19T11:39:27Z" finished-at="2014-12-19T11:39:44Z">
          <reporter-output>
          </reporter-output>
        </test-method> <!-- setUp -->
        <test-method status="PASS" signature="testEmptyGroupCreation1()[pri:0, instance:com.example.tests.GroupCreationTests@7d01f935]" name="testEmptyGroupCreation1" duration-ms="4489" started-at="2014-12-19T11:39:44Z" finished-at="2014-12-19T11:39:48Z">
          <reporter-output>
          </reporter-output>
        </test-method> <!-- testEmptyGroupCreation1 -->
        <test-method status="PASS" signature="testNonEmptyGroupCreation()[pri:0, instance:com.example.tests.GroupCreationTests@7d01f935]" name="testNonEmptyGroupCreation" duration-ms="3974" started-at="2014-12-19T11:39:48Z" finished-at="2014-12-19T11:39:52Z">
          <reporter-output>
          </reporter-output>
        </test-method> <!-- testNonEmptyGroupCreation -->
        <test-method status="PASS" signature="tearDown()[pri:0, instance:com.example.tests.GroupCreationTests@7d01f935]" name="tearDown" is-config="true" duration-ms="800" started-at="2014-12-19T11:39:52Z" finished-at="2014-12-19T11:39:53Z">
          <reporter-output>
          </reporter-output>
        </test-method> <!-- tearDown -->
      </class> <!-- com.example.tests.GroupCreationTests -->
    </test> <!-- Default test -->
  </suite> <!-- Default suite -->
</testng-results>
